===========================================================================

                           *********************                           
                           *     A S C E C     *                           
                           *********************                           

                             √≈≠==≈                                  
   √≈≠==≠≈√   √≈≠==≠≈√         ÷++=                      ≠===≠       
     ÷++÷       ÷++÷           =++=                     ÷×××××=      
     =++=       =++=     ≠===≠ ÷++=      ≠====≠         ÷-÷ ÷-÷      
     =++=       =++=    =××÷=≠=÷++=    ≠÷÷÷==÷÷÷≈      ≠××≠ =××=     
     =++=       =++=   ≠××=    ÷++=   ≠×+×    ×+÷      ÷+×   ×+××    
     =++=       =++=   =+÷     =++=   =+-×÷==÷×-×≠    =×+×÷=÷×+-÷    
     ≠×+÷       ÷+×≠   =+÷     =++=   =+---×××××÷×   ≠××÷==×==÷××≠   
      =××÷     =××=    ≠××=    ÷++÷   ≠×-×           ÷+×       ×+÷   
       ≠=========≠      ≠÷÷÷=≠≠=×+×÷-  ≠======≠≈√  -÷×+×≠     ≠×+×÷- 
          ≠===≠           ≠==≠  ≠===≠     ≠===≠    ≈====≈     ≈====≈ 


               Universidad de Antioquia - Medellín - Colombia              


                  Annealing Simulado Con Energía Cuántica                  

                          * ASCEC-v04: Nov-2025 *                          

                        Química Física Teórica - QFT                       


===========================================================================

Elemental composition of the system:
   H  12
   O   6
There are a total of 18 nuclei

Cube's length = 9.10 A
H-bond aware suggestions:
  • Isolated clusters: 11.4 A (5% effective packing)
  • Cluster formation: 9.1 A (10% effective packing)
  • Network studies: 7.9 A (15% effective packing)
Largest molecular extent: 1.13 A

Number of molecules: 6

Molecular composition
  water1 H2O
  water2 H2O
  water3 H2O
  water4 H2O
  water5 H2O
  water6 H2O

Maximum displacement of each mass center = 1.00 A
Maximum rotation angle = 1.00 radians

Energy calculated with Orca
 Hamiltonian: pm3
 Basis set: Not specified
 Charge = 0   Multiplicity = 1

Seed = 115439

** Energy will be evaluated **

Geometrical quenching route.
  To = 600.0 K  %dism = 5.0 %  nT = 100 steps

============================================================

History: [T(K), E(u.a.), n-eval, Criterion]

    600.00   -71.617602       0     Intv
    600.00   -71.627223       1      LwE
    570.00   -71.630983       3      LwE
    541.50   -71.632519       5      LwE
    514.42   -71.637749       1      LwE
    488.70   -71.635626       1     Mpol
    488.70   -71.633299       1     Mpol
    488.70   -71.625905       1     Mpol
    488.70   -71.633896       4      LwE
    464.27   -71.634067       1      LwE
    441.06   -71.638310       1      LwE
    419.00   -71.631292       1     Mpol
    419.00   -71.632473       1      LwE
    398.05   -71.633686       1      LwE
    378.15   -71.636218       2      LwE
    359.24   -71.633707       2     Mpol
    359.24   -71.635594       1      LwE
    341.28   -71.635321       2     Mpol
    341.28   -71.630637       1     Mpol
    341.28   -71.632352       1      LwE
    324.22   -71.633624       1      LwE
    308.01   -71.633641       1      LwE
    292.60   -71.631922       1     Mpol
    292.60   -71.635241       1      LwE
    277.97   -71.629934       1     Mpol
    277.97   -71.622812       2     Mpol
    277.97   -71.630260       1      LwE
    264.08   -71.635389       1      LwE
    250.87   -71.634242       3     Mpol
    250.87   -71.633821       1     Mpol
    250.87   -71.633116       1     Mpol
    250.87   -71.634721       1      LwE
    238.33   -71.636360       1      LwE
    226.41   -71.631268       4     Mpol
    226.41   -71.636028       1      LwE
    215.09   -71.634582       3     Mpol
    215.09   -71.637266       3      LwE
    204.34   -71.634795       1     Mpol
    204.34   -71.633636       1     Mpol
    204.34   -71.632268       1     Mpol
    204.34   -71.629356       1     Mpol
    204.34   -71.629450       1      LwE
    194.12   -71.639922       1      LwE
    184.41   -71.640610       2      LwE
    175.19   -71.636055       1     Mpol
    175.19   -71.637696       3      LwE
    166.43   -71.634921       2     Mpol
    166.43   -71.637903       1      LwE
    158.11   -71.635772       1     Mpol
    158.11   -71.633489       1     Mpol
    158.11   -71.630934       3     Mpol
    158.11   -71.637753       1      LwE
    150.21   -71.634519       2     Mpol
    150.21   -71.639042       3      LwE
    142.70   -71.642421       1      LwE
    135.56   -71.639325      13     Mpol
    135.56   -71.636822       2     Mpol
    135.56   -71.635511       1     Mpol
    135.56   -71.633439       1     Mpol
    135.56   -71.636514       2      LwE
    128.78   -71.632561       4     Mpol
    128.78   -71.631461       7     Mpol
    128.78   -71.631265       5     Mpol
    128.78   -71.635995       3      LwE
    122.34   -71.632400       7     Mpol
    122.34   -71.636031       2      LwE
    116.23   -71.634012       2     Mpol
    116.23   -71.637670       4      LwE
    110.42   -71.636903       7     Mpol
    110.42   -71.637442       2      LwE
    104.89   -71.643893       1      LwE
     99.65   -71.640827       1     Mpol
     99.65   -71.638535       2     Mpol
     99.65   -71.638582       1      LwE
     94.67   -71.636835       2     Mpol
     94.67   -71.638221       1      LwE
     89.93   -71.636225       1     Mpol
     89.93   -71.635748       2     Mpol
     89.93   -71.636301       2      LwE
     85.44   -71.640329       4      LwE
     81.17   -71.637900       1     Mpol
     81.17   -71.638081       1      LwE
     77.11   -71.637252       1     Mpol
     77.11   -71.637149       1     Mpol
     77.11   -71.636056       2     Mpol
     77.11   -71.635082       1     Mpol
     77.11   -71.635843       1      LwE
     73.25   -71.637374       1      LwE
     69.59   -71.638849       1      LwE
     66.11   -71.639432       2      LwE
     62.80   -71.640281       1      LwE
     59.66   -71.639871      14     Mpol
     59.66   -71.638748      14     Mpol
     59.66   -71.640758       2      LwE
     56.68   -71.639156       3     Mpol
     56.68   -71.637386       2     Mpol
     56.68   -71.638074       2      LwE
     53.85   -71.638773       1      LwE
     51.15   -71.639564       1      LwE
     48.60   -71.638743       4     Mpol
     48.60   -71.637529       5     Mpol
     48.60   -71.638702       2      LwE
     46.17   -71.641690       2      LwE
     43.86   -71.641272      15     Mpol
     43.86   -71.639960       6     Mpol
     43.86   -71.639857       2     Mpol
     43.86   -71.640291       4      LwE
     41.67   -71.640829       1      LwE
     39.58   -71.640673       6     Mpol
     39.58   -71.639804       2     Mpol
     39.58   -71.638466       5     Mpol
     39.58   -71.640209       4      LwE
     37.60   -71.639300       6     Mpol
     37.60   -71.638512       6     Mpol
     37.60   -71.638378       2     Mpol
     37.60   -71.639097       2      LwE
     35.72   -71.638740       3     Mpol
     35.72   -71.637857       3     Mpol
     35.72   -71.638936       1      LwE
     33.94   -71.640453       2      LwE
     32.24   -71.640679       3      LwE
     30.63   -71.640067       3     Mpol
     30.63   -71.641275       2      LwE
     29.10   -71.642138       1      LwE
     27.64   -71.641329      23     Mpol
     27.64   -71.641453      15      LwE
     26.26   -71.641417       5     Mpol
     26.26   -71.642196      23      LwE
     24.95   -71.641503      22     Mpol
     24.95   -71.641500      10     Mpol
     24.95   -71.641500      18      N/A
     23.70   -71.640881       3     Mpol
     23.70   -71.640594      12     Mpol
     23.70   -71.642225       3      LwE
     22.51   -71.642786      26      LwE
     21.39   -71.643404      45      LwE
     20.32   -71.643404      50      N/A
     19.30   -71.643404      50      N/A
     18.34   -71.643404      50      N/A
     17.42   -71.643486      44      LwE
     16.55   -71.643486      50      N/A
     15.72   -71.642913      49     Mpol
     15.72   -71.642913       1      N/A
     14.94   -71.644459      40      LwE
     14.19   -71.646379      11      LwE
     13.48   -71.648437       9      LwE
     12.81   -71.648437      50      N/A
     12.17   -71.648437      50      N/A
     11.56   -71.648437      50      N/A
     10.98   -71.648437      50      N/A
     10.43   -71.648437      50      N/A
      9.91   -71.648437      50      N/A
      9.41   -71.648437      50      N/A
      8.94   -71.648437      50      N/A
      8.50   -71.648437      50      N/A
      8.07   -71.648437      50      N/A
      7.67   -71.648437      50      N/A
      7.28   -71.648437      50      N/A
      6.92   -71.648437      50      N/A
      6.57   -71.648437      50      N/A
      6.25   -71.648437      50      N/A
      5.93   -71.648437      50      N/A
      5.64   -71.648437      50      N/A
      5.35   -71.648437      50      N/A
      5.09   -71.648437      50      N/A
      4.83   -71.648437      50      N/A
      4.59   -71.648437      50      N/A
      4.36   -71.648437      50      N/A
      4.14   -71.648437      50      N/A
      3.94   -71.648437      50      N/A
      3.74   -71.651315      19      LwE

============================================================

  ** Normal annealing termination **
  Total Wall time: 0 days 0 h 48 min 59 s 342 ms
  Energy was evaluated 2087 times

Energy evolution in tvse_115439.dat
Configurations accepted by Max.-Boltz. statistics = 70
Accepted lower energy configurations = 71
Accepted configurations in result_115439.xyz = 141
Lowest energy configuration in rless_115439.out
Lowest energy = -71.65131472 u.a. (Config. 141)

============================================================
