===========================================================================

                           *********************                           
                           *     A S C E C     *                           
                           *********************                           

                             √≈≠==≈                                  
   √≈≠==≠≈√   √≈≠==≠≈√         ÷++=                      ≠===≠       
     ÷++÷       ÷++÷           =++=                     ÷×××××=      
     =++=       =++=     ≠===≠ ÷++=      ≠====≠         ÷-÷ ÷-÷      
     =++=       =++=    =××÷=≠=÷++=    ≠÷÷÷==÷÷÷≈      ≠××≠ =××=     
     =++=       =++=   ≠××=    ÷++=   ≠×+×    ×+÷      ÷+×   ×+××    
     =++=       =++=   =+÷     =++=   =+-×÷==÷×-×≠    =×+×÷=÷×+-÷    
     ≠×+÷       ÷+×≠   =+÷     =++=   =+---×××××÷×   ≠××÷==×==÷××≠   
      =××÷     =××=    ≠××=    ÷++÷   ≠×-×           ÷+×       ×+÷   
       ≠=========≠      ≠÷÷÷=≠≠=×+×÷-  ≠======≠≈√  -÷×+×≠     ≠×+×÷- 
          ≠===≠           ≠==≠  ≠===≠     ≠===≠    ≈====≈     ≈====≈ 


               Universidad de Antioquia - Medellín - Colombia              


                  Annealing Simulado Con Energía Cuántica                  

                          * ASCEC-v04: Feb-2026 *                          

                        Química Física Teórica - QFT                       


===========================================================================

Elemental composition of the system:
   H   4
   C   2
   O   4
There are a total of 10 nuclei

Cube's length = 8.00 A
H-bond aware suggestions:
  • Isolated clusters: 10.1 A (5% effective packing)
  • Cluster formation: 8.0 A (10% effective packing)
  • Network studies: 7.0 A (15% effective packing)
Largest molecular extent: 2.97 A

Number of molecules: 2

Molecular composition
  Formic_acid1 CH2O2
  Formic_acid2 CH2O2

Maximum displacement of each mass center = 1.00 A
Maximum rotation angle = 1.00 radians

Energy calculated with Orca
 Hamiltonian: pm3
 Basis set: Not specified
 Charge = 0   Multiplicity = 1

Seed = 742757

** Energy will be evaluated **

Geometrical quenching route.
  To = 600.0 K  %dism = 5.0 %  nT = 100 steps

============================================================

History: [T(K), E(u.a.), n-eval, Criterion]

    600.00   -54.159602       0     Intv
    600.00   -54.155697       1     Mpol
    600.00   -54.152223       1     Mpol
    600.00   -54.141269       1     Mpol
    600.00   -54.139048       2     Mpol
    600.00   -54.131086       2     Mpol
    600.00   -54.147075       1      LwE
    570.00   -54.148984       1      LwE
    541.50   -54.151832       1      LwE
    514.42   -54.151861       1      LwE
    488.70   -54.151358       1     Mpol
    488.70   -54.155735       1      LwE
    464.27   -54.156329       1      LwE
    441.06   -54.155034       1     Mpol
    441.06   -54.156848       1      LwE
    419.00   -54.168995       1      LwE
    398.05   -54.168133       1     Mpol
    398.05   -54.167353       1     Mpol
    398.05   -54.167605       1      LwE
    378.15   -54.167109       1     Mpol
    378.15   -54.168000       1      LwE
    359.24   -54.168157       1      LwE
    341.28   -54.168193       1      LwE
    324.22   -54.169133       1      LwE
    308.01   -54.168714       1     Mpol
    308.01   -54.169130       1      LwE
    292.60   -54.169145       1      LwE
    277.97   -54.167371       1     Mpol
    277.97   -54.164188       1     Mpol
    277.97   -54.171152       1      LwE
    264.08   -54.168903       1     Mpol
    264.08   -54.166409       1     Mpol
    264.08   -54.166400       1     Mpol
    264.08   -54.171232       1      LwE
    250.87   -54.166459       1     Mpol
    250.87   -54.162633       1     Mpol
    250.87   -54.164919       1      LwE
    238.33   -54.165084       1      LwE
    226.41   -54.171030       1      LwE
    215.09   -54.172810       1      LwE
    204.34   -54.176250       1      LwE
    194.12   -54.176380       1      LwE
    184.41   -54.176542       1      LwE
    175.19   -54.177087       2      LwE
    166.43   -54.176244       2     Mpol
    166.43   -54.176197       1     Mpol
    166.43   -54.176381       3      LwE
    158.11   -54.175527       1     Mpol
    158.11   -54.176498       1      LwE
    150.21   -54.177508       2      LwE
    142.70   -54.176954       1     Mpol
    142.70   -54.175719       1     Mpol
    142.70   -54.176221       1      LwE
    135.56   -54.179164       3      LwE
    128.78   -54.177411       1     Mpol
    128.78   -54.177533       1      LwE
    122.34   -54.177928       2      LwE
    116.23   -54.178066       1      LwE
    110.42   -54.177790       2     Mpol
    110.42   -54.176070       1     Mpol
    110.42   -54.176399       1      LwE
    104.89   -54.177271       2      LwE
     99.65   -54.176502       1     Mpol
     99.65   -54.176572       1      LwE
     94.67   -54.176658       1      LwE
     89.93   -54.176455       1     Mpol
     89.93   -54.174187       1     Mpol
     89.93   -54.178241       1      LwE
     85.44   -54.180293       3      LwE
     81.17   -54.180367       1      LwE
     77.11   -54.180393       1      LwE
     73.25   -54.180326       1     Mpol
     73.25   -54.180376       3      LwE
     69.59   -54.180315       1     Mpol
     69.59   -54.180754       1      LwE
     66.11   -54.180720       3     Mpol
     66.11   -54.180657       1     Mpol
     66.11   -54.181034       1      LwE
     62.80   -54.181134       1      LwE
     59.66   -54.180838       2     Mpol
     59.66   -54.180483       1     Mpol
     59.66   -54.180467       1     Mpol
     59.66   -54.180502       4      LwE
     56.68   -54.179851       2     Mpol
     56.68   -54.180589       4      LwE
     53.85   -54.180506       2     Mpol
     53.85   -54.179409       5     Mpol
     53.85   -54.179434       5      LwE
     51.15   -54.178861       1     Mpol
     51.15   -54.179303       2      LwE
     48.60   -54.178463       1     Mpol
     48.60   -54.178566       1      LwE
     46.17   -54.178765       1      LwE
     43.86   -54.178856       1      LwE
     41.67   -54.178822       2     Mpol
     41.67   -54.178934       1      LwE
     39.58   -54.178840       2     Mpol
     39.58   -54.178975       1      LwE
     37.60   -54.178844       1     Mpol
     37.60   -54.178863       1      LwE
     35.72   -54.178903       1      LwE
     33.94   -54.178438       2     Mpol
     33.94   -54.177321       6     Mpol
     33.94   -54.177710       1      LwE
     32.24   -54.180789       1      LwE
     30.63   -54.180393       1     Mpol
     30.63   -54.180312       1     Mpol
     30.63   -54.180389       2      LwE
     29.10   -54.179638       1     Mpol
     29.10   -54.180020       1      LwE
     27.64   -54.180723       1      LwE
     26.26   -54.180221       2     Mpol
     26.26   -54.180688       1      LwE
     24.95   -54.180828       1      LwE
     23.70   -54.180759       2     Mpol
     23.70   -54.180770       4      LwE
     22.51   -54.180604       2     Mpol
     22.51   -54.180967       1      LwE
     21.39   -54.180994       3      LwE
     20.32   -54.180429       3     Mpol
     20.32   -54.180398       1     Mpol
     20.32   -54.179767       3     Mpol
     20.32   -54.179779       1      LwE
     19.30   -54.180386       3      LwE
     18.34   -54.180314       2     Mpol
     18.34   -54.180595       3      LwE
     17.42   -54.180384       1     Mpol
     17.42   -54.180374       2     Mpol
     17.42   -54.180229       3     Mpol
     17.42   -54.179764       3     Mpol
     17.42   -54.181186       3      LwE
     16.55   -54.180628       2     Mpol
     16.55   -54.180694       1      LwE
     15.72   -54.180760       2      LwE
     14.94   -54.180355       1     Mpol
     14.94   -54.180588       2      LwE
     14.19   -54.180422       1     Mpol
     14.19   -54.180329       2     Mpol
     14.19   -54.180434       2      LwE
     13.48   -54.180613       2      LwE
     12.81   -54.180918       2      LwE
     12.17   -54.180592       2     Mpol
     12.17   -54.180515       6     Mpol
     12.17   -54.180634       1      LwE
     11.56   -54.180605       1     Mpol
     11.56   -54.180583       1     Mpol
     11.56   -54.180616       1      LwE
     10.98   -54.180685       3      LwE
     10.43   -54.180587       3     Mpol
     10.43   -54.180254       1     Mpol
     10.43   -54.180222       1     Mpol
     10.43   -54.180142       1     Mpol
     10.43   -54.179786       1     Mpol
     10.43   -54.180156       1      LwE
      9.91   -54.180071       2     Mpol
      9.91   -54.180526       1      LwE
      9.41   -54.180583       1      LwE
      8.94   -54.180716       2      LwE
      8.50   -54.180793       1      LwE
      8.07   -54.180788       1     Mpol
      8.07   -54.180807       1      LwE
      7.67   -54.180927       1      LwE
      7.28   -54.180769       1     Mpol
      7.28   -54.180704       4     Mpol
      7.28   -54.180810       2      LwE
      6.92   -54.180708       1     Mpol
      6.92   -54.180680       2     Mpol
      6.92   -54.180967       1      LwE
      6.57   -54.180731       2     Mpol
      6.57   -54.180559       1     Mpol
      6.57   -54.180372       2     Mpol
      6.57   -54.180569       2      LwE
      6.25   -54.180329       1     Mpol
      6.25   -54.180475       1      LwE
      5.93   -54.180827       4      LwE
      5.64   -54.180772       3     Mpol
      5.64   -54.180978       2      LwE
      5.35   -54.180925       1     Mpol
      5.35   -54.180764       1     Mpol
      5.35   -54.180658       1     Mpol
      5.35   -54.180789       7      LwE
      5.09   -54.180792       1      LwE
      4.83   -54.180664       3     Mpol
      4.83   -54.180649       2     Mpol
      4.83   -54.180660       1      LwE
      4.59   -54.180720       1      LwE
      4.36   -54.180921       2      LwE
      4.14   -54.180774       9     Mpol
      4.14   -54.180641       2     Mpol
      4.14   -54.180680       2      LwE
      3.94   -54.180680       5      LwE
      3.74   -54.180658       1     Mpol
      3.74   -54.180593       1     Mpol
      3.74   -54.180664       1      LwE

============================================================

  ** Normal annealing termination **
  Total Wall time: 0 days 0 h 4 min 24 s 711 ms
  Energy was evaluated 320 times

Energy evolution in tvse_742757.dat
Configurations accepted by Max.-Boltz. statistics = 93
Accepted lower energy configurations = 101
Accepted configurations in result_742757.xyz = 194
Lowest energy configuration in rless_742757.out
Lowest energy = -54.18118588 u.a. (Config. 131)

============================================================
