===========================================================================

                           *********************                           
                           *     A S C E C     *                           
                           *********************                           

                             √≈≠==≈                                  
   √≈≠==≠≈√   √≈≠==≠≈√         ÷++=                      ≠===≠       
     ÷++÷       ÷++÷           =++=                     ÷×××××=      
     =++=       =++=     ≠===≠ ÷++=      ≠====≠         ÷-÷ ÷-÷      
     =++=       =++=    =××÷=≠=÷++=    ≠÷÷÷==÷÷÷≈      ≠××≠ =××=     
     =++=       =++=   ≠××=    ÷++=   ≠×+×    ×+÷      ÷+×   ×+××    
     =++=       =++=   =+÷     =++=   =+-×÷==÷×-×≠    =×+×÷=÷×+-÷    
     ≠×+÷       ÷+×≠   =+÷     =++=   =+---×××××÷×   ≠××÷==×==÷××≠   
      =××÷     =××=    ≠××=    ÷++÷   ≠×-×           ÷+×       ×+÷   
       ≠=========≠      ≠÷÷÷=≠≠=×+×÷-  ≠======≠≈√  -÷×+×≠     ≠×+×÷- 
          ≠===≠           ≠==≠  ≠===≠     ≠===≠    ≈====≈     ≈====≈ 


               Universidad de Antioquia - Medellín - Colombia              


                  Annealing Simulado Con Energía Cuántica                  

                          * ASCEC-v04: Feb-2026 *                          

                        Química Física Teórica - QFT                       


===========================================================================

Elemental composition of the system:
   H  12
   O   6
There are a total of 18 nuclei

Cube's length = 9.10 A
H-bond aware suggestions:
  • Isolated clusters: 11.4 A (5% effective packing)
  • Cluster formation: 9.1 A (10% effective packing)
  • Network studies: 7.9 A (15% effective packing)
Largest molecular extent: 1.13 A

Number of molecules: 6

Molecular composition
  water1 H2O
  water2 H2O
  water3 H2O
  water4 H2O
  water5 H2O
  water6 H2O

Maximum displacement of each mass center = 1.00 A
Maximum rotation angle = 1.00 radians

Energy calculated with Gaussian
 Hamiltonian: pm3
 Basis set: zdo
 Charge = 0   Multiplicity = 1

Seed = 274773

** Energy will be evaluated **

Geometrical quenching route.
  To = 600.0 K  %dism = 5.0 %  nT = 100 steps

============================================================

History: [T(K), E(u.a.), n-eval, Criterion]

    600.00    -0.503640       0     Intv
    600.00    -0.504199       2      LwE
    570.00    -0.504114       1     Mpol
    570.00    -0.503950       1     Mpol
    570.00    -0.502593       1     Mpol
    570.00    -0.507712       1      LwE
    541.50    -0.505451       4     Mpol
    541.50    -0.509110       1      LwE
    514.42    -0.508783       1     Mpol
    514.42    -0.505588       1     Mpol
    514.42    -0.502846       1     Mpol
    514.42    -0.506038       2      LwE
    488.70    -0.506182       3      LwE
    464.27    -0.505914       3     Mpol
    464.27    -0.499964       1     Mpol
    464.27    -0.495529       1     Mpol
    464.27    -0.499368       2      LwE
    441.06    -0.505999       3      LwE
    419.00    -0.505274       3     Mpol
    419.00    -0.504653       1     Mpol
    419.00    -0.502711       1     Mpol
    419.00    -0.500692       1     Mpol
    419.00    -0.500297       3     Mpol
    419.00    -0.504388       1      LwE
    398.05    -0.506896       1      LwE
    378.15    -0.505304       3     Mpol
    378.15    -0.503174       2     Mpol
    378.15    -0.500618       1     Mpol
    378.15    -0.505356       1      LwE
    359.24    -0.500667       1     Mpol
    359.24    -0.503753       1      LwE
    341.28    -0.508663       1      LwE
    324.22    -0.506586       1     Mpol
    324.22    -0.507953       1      LwE
    308.01    -0.503779       1     Mpol
    308.01    -0.505751       1      LwE
    292.60    -0.507875       1      LwE
    277.97    -0.506060       1     Mpol
    277.97    -0.502895       1     Mpol
    277.97    -0.503424       3      LwE
    264.08    -0.500665       3     Mpol
    264.08    -0.501807       1      LwE
    250.87    -0.500690       1     Mpol
    250.87    -0.501950       2      LwE
    238.33    -0.506094       5      LwE
    226.41    -0.506545       1      LwE
    215.09    -0.508694       5      LwE
    204.34    -0.506227       1     Mpol
    204.34    -0.505168       1     Mpol
    204.34    -0.509923       1      LwE
    194.12    -0.507126       1     Mpol
    194.12    -0.507959       2      LwE
    184.41    -0.508223       1      LwE
    175.19    -0.505890       2     Mpol
    175.19    -0.503606       1     Mpol
    175.19    -0.506009       1      LwE
    166.43    -0.506890       1      LwE
    158.11    -0.509232       4      LwE
    150.21    -0.509432       1      LwE
    142.70    -0.509979       1      LwE
    135.56    -0.508455       1     Mpol
    135.56    -0.511072       3      LwE
    128.78    -0.508924       3     Mpol
    128.78    -0.506937       1     Mpol
    128.78    -0.505705       1     Mpol
    128.78    -0.505363       2     Mpol
    128.78    -0.506520       1      LwE
    122.34    -0.506896       4      LwE
    116.23    -0.505201       1     Mpol
    116.23    -0.505084       1     Mpol
    116.23    -0.511002       1      LwE
    110.42    -0.510303       1     Mpol
    110.42    -0.508905       2     Mpol
    110.42    -0.511703       4      LwE
    104.89    -0.511979      20      LwE
     99.65    -0.510373      10     Mpol
     99.65    -0.513354       1      LwE
     94.67    -0.511738      55     Mpol
     94.67    -0.511598       4     Mpol
     94.67    -0.511598       5      N/A
     89.93    -0.513320      57      LwE
     85.44    -0.514202      18      LwE
     81.17    -0.514799      27      LwE
     77.11    -0.513478      20     Mpol
     77.11    -0.512398      14     Mpol
     77.11    -0.511027       2     Mpol
     77.11    -0.512066      10      LwE
     73.25    -0.514615       2      LwE
     69.59    -0.513949      26     Mpol
     69.59    -0.513949      24      N/A
     66.11    -0.513250      16     Mpol
     66.11    -0.513250      34      N/A
     62.80    -0.513250      50      N/A
     59.66    -0.514130      27      LwE
     56.68    -0.513766      34     Mpol
     56.68    -0.513766      16      N/A
     53.85    -0.512986      11     Mpol
     53.85    -0.518254      29      LwE
     51.15    -0.518793      38      LwE
     48.60    -0.518793      50      N/A
     46.17    -0.518793      50      N/A
     43.86    -0.518732      24     Mpol
     43.86    -0.518732      26      N/A
     41.67    -0.518732      50      N/A
     39.58    -0.518732      50      N/A
     37.60    -0.518732      50      N/A
     35.72    -0.518732      50      N/A
     33.94    -0.518732      50      N/A
     32.24    -0.518732      50      N/A
     30.63    -0.518732      50      N/A
     29.10    -0.518732      50      N/A
     27.64    -0.518732      50      N/A
     26.26    -0.518732      50      N/A
     24.95    -0.518732      50      N/A
     23.70    -0.518732      50      N/A
     22.51    -0.518732      50      N/A
     21.39    -0.518732      50      N/A
     20.32    -0.518732      50      N/A
     19.30    -0.518732      50      N/A
     18.34    -0.518732      50      N/A
     17.42    -0.518732      50      N/A
     16.55    -0.518732      50      N/A
     15.72    -0.518732      50      N/A
     14.94    -0.518732      50      N/A
     14.19    -0.518732      50      N/A
     13.48    -0.518732      50      N/A
     12.81    -0.518732      50      N/A
     12.17    -0.518732      50      N/A
     11.56    -0.518732      50      N/A
     10.98    -0.518732      50      N/A
     10.43    -0.518732      50      N/A
      9.91    -0.518732      50      N/A
      9.41    -0.518732      50      N/A
      8.94    -0.518732      50      N/A
      8.50    -0.520123      17      LwE
      8.07    -0.520123      50      N/A
      7.67    -0.520123      50      N/A
      7.28    -0.520123      50      N/A
      6.92    -0.520123      50      N/A
      6.57    -0.520123      50      N/A
      6.25    -0.520123      50      N/A
      5.93    -0.520123      50      N/A
      5.64    -0.520123      50      N/A
      5.35    -0.520123      50      N/A
      5.09    -0.520123      50      N/A
      4.83    -0.520123      50      N/A
      4.59    -0.520123      50      N/A
      4.36    -0.520123      50      N/A
      4.14    -0.520123      50      N/A
      3.94    -0.520123      50      N/A
      3.74    -0.520123      50      N/A

============================================================

  ** Normal annealing termination **
  Total Wall time: 0 days 0 h 35 min 3 s 312 ms
  Energy was evaluated 3190 times

Energy evolution in tvse_274773.dat
Configurations accepted by Max.-Boltz. statistics = 50
Accepted lower energy configurations = 46
Accepted configurations in result_274773.xyz = 96
Lowest energy configuration in rless_274773.out
Lowest energy = -0.52012291 u.a. (Config. 96)

============================================================
